<?xml version="1.0" encoding="UTF-8"?>
<testsuite name="ru.spsuace.helloworld.task1.IntegerTaskTest" tests="4" skipped="0" failures="0" errors="0" timestamp="2019-09-25T03:38:14" hostname="LAPTOP-6KB37U78" time="0.006">
  <properties/>
  <testcase name="factorial" classname="ru.spsuace.helloworld.task1.IntegerTaskTest" time="0.004"/>
  <testcase name="sum" classname="ru.spsuace.helloworld.task1.IntegerTaskTest" time="0.0"/>
  <testcase name="snake" classname="ru.spsuace.helloworld.task1.IntegerTaskTest" time="0.001"/>
  <testcase name="kDecimal" classname="ru.spsuace.helloworld.task1.IntegerTaskTest" time="0.0"/>
  <system-out><![CDATA[]]></system-out>
  <system-err><![CDATA[]]></system-err>
</testsuite>
