<?xml version="1.0" encoding="UTF-8"?>
<testsuite name="ru.spsuace.helloworld.task1.IntegerTaskTest" tests="1" skipped="0" failures="0" errors="0" timestamp="2020-03-03T14:28:04" hostname="DESKTOP-C7694EM" time="0.011">
  <properties/>
  <testcase name="kDecimal" classname="ru.spsuace.helloworld.task1.IntegerTaskTest" time="0.011"/>
  <system-out><![CDATA[]]></system-out>
  <system-err><![CDATA[]]></system-err>
</testsuite>
