<?xml version="1.0" encoding="UTF-8"?>
<testsuite name="ru.spsuace.helloworld.task1.IntegerTaskTest" tests="1" skipped="0" failures="0" errors="0" timestamp="2020-02-26T21:57:59" hostname="user" time="0.003">
  <properties/>
  <testcase name="snake" classname="ru.spsuace.helloworld.task1.IntegerTaskTest" time="0.003"/>
  <system-out><![CDATA[]]></system-out>
  <system-err><![CDATA[]]></system-err>
</testsuite>
