<?xml version="1.0" encoding="UTF-8"?>
<testsuite name="ru.spsuace.helloworld.homework.task1.DoubleTaskTest" tests="1" skipped="0" failures="0" errors="0" timestamp="2020-02-25T16:06:04" hostname="DESKTOP-LUR8897" time="0.002">
  <properties/>
  <testcase name="length" classname="ru.spsuace.helloworld.homework.task1.DoubleTaskTest" time="0.002"/>
  <system-out><![CDATA[]]></system-out>
  <system-err><![CDATA[]]></system-err>
</testsuite>
