<?xml version="1.0" encoding="UTF-8"?>
<testsuite name="ru.spsuace.helloworld.task1.IntegerTaskTest" tests="4" skipped="0" failures="0" errors="0" timestamp="2020-02-23T16:04:36" hostname="user" time="0.005">
  <properties/>
  <testcase name="factorial" classname="ru.spsuace.helloworld.task1.IntegerTaskTest" time="0.003"/>
  <testcase name="sum" classname="ru.spsuace.helloworld.task1.IntegerTaskTest" time="0.0"/>
  <testcase name="snake" classname="ru.spsuace.helloworld.task1.IntegerTaskTest" time="0.0"/>
  <testcase name="kDecimal" classname="ru.spsuace.helloworld.task1.IntegerTaskTest" time="0.0"/>
  <system-out><![CDATA[]]></system-out>
  <system-err><![CDATA[]]></system-err>
</testsuite>
